18-04-2025 - 22:34:41 - HelloApiServer:start - starting the server implementations
18-04-2025 - 22:34:41 - HelloApiServer:start - Successfully created context for /greet, ?languages and /health endpoints.
18-04-2025 - 22:34:41 - HelloApiServer:start - server is started in the port 8080 of localhost.
18-04-2025 - 22:34:44 - HistoryHandler:handle - method started.
18-04-2025 - 22:34:44 - HistoryHandler:handle - File found.
18-04-2025 - 22:34:44 - HistoryHandler:handle - # lines = 2
18-04-2025 - 22:34:44 - GreetingRecord::fromLogLine - started
18-04-2025 - 22:34:44 - GreetingRecord::fromLogLine - parts: [SpanishHello, Vikram, ¡Hola! desde plugin, Vikram!, 18-04-2025 - 22:07:13]
18-04-2025 - 22:34:44 - GreetingRecord:GreetingRecord() - SpanishHello, Vikram, ¡Hola! desde plugin, Vikram!, 18-04-2025 - 22:07:13
18-04-2025 - 22:34:44 - GreetingRecord::fromLogLine - started
18-04-2025 - 22:34:44 - GreetingRecord::fromLogLine - parts: [HindiHello, Vikram, Namaste, Vikram!, 18-04-2025 - 22:32:00]
18-04-2025 - 22:34:44 - GreetingRecord:GreetingRecord() - HindiHello, Vikram, Namaste, Vikram!, 18-04-2025 - 22:32:00
18-04-2025 - 22:34:44 - HistoryHandler:handle - [{
  "language": "SpanishHello",
  "name": "Vikram",
  "greeting": "¡Hola! desde plugin, Vikram!",
  "timestamp": "18-04-2025 - 22:07:13"
}, {
  "language": "HindiHello",
  "name": "Vikram",
  "greeting": "Namaste, Vikram!",
  "timestamp": "18-04-2025 - 22:32:00"
}]
18-04-2025 - 22:34:44 - HistoryHandler:handle json values - [
{
  "language": "SpanishHello",
  "name": "Vikram",
  "greeting": "¡Hola! desde plugin, Vikram!",
  "timestamp": "18-04-2025 - 22:07:13"
},
{
  "language": "HindiHello",
  "name": "Vikram",
  "greeting": "Namaste, Vikram!",
  "timestamp": "18-04-2025 - 22:32:00"
}
]
18-04-2025 - 22:34:52 - GreetHandler:handle - Executing Handle for GreetHandler
18-04-2025 - 22:34:52 - GreetHandler:handle - parsed params: {name=Vikram, lang=HindiHello}
18-04-2025 - 22:34:52 - LanguageLoader:try - Successfully loaded plugins directory
18-04-2025 - 22:34:52 - LanguageLoader:try - Successfully loaded URLs
18-04-2025 - 22:34:52 - URLs: [file:/D:/dev/java/hello-mistar/plugins]
18-04-2025 - 22:34:52 - LanguageLoader:try:try -HindiHello is assignable from HelloStrategy!
18-04-2025 - 22:34:52 - GreetHandler:handle - LangClass & strategy successfully loaded. 
18-04-2025 - 22:34:56 - HistoryHandler:handle - method started.
18-04-2025 - 22:34:56 - HistoryHandler:handle - File found.
18-04-2025 - 22:34:56 - HistoryHandler:handle - # lines = 3
18-04-2025 - 22:34:56 - GreetingRecord::fromLogLine - started
18-04-2025 - 22:34:56 - GreetingRecord::fromLogLine - parts: [SpanishHello, Vikram, ¡Hola! desde plugin, Vikram!, 18-04-2025 - 22:07:13]
18-04-2025 - 22:34:56 - GreetingRecord:GreetingRecord() - SpanishHello, Vikram, ¡Hola! desde plugin, Vikram!, 18-04-2025 - 22:07:13
18-04-2025 - 22:34:56 - GreetingRecord::fromLogLine - started
18-04-2025 - 22:34:56 - GreetingRecord::fromLogLine - parts: [HindiHello, Vikram, Namaste, Vikram!, 18-04-2025 - 22:32:00]
18-04-2025 - 22:34:56 - GreetingRecord:GreetingRecord() - HindiHello, Vikram, Namaste, Vikram!, 18-04-2025 - 22:32:00
18-04-2025 - 22:34:56 - GreetingRecord::fromLogLine - started
18-04-2025 - 22:34:56 - GreetingRecord::fromLogLine - parts: [HindiHello, Vikram, Namaste, Vikram!, 18-04-2025 - 22:34:52]
18-04-2025 - 22:34:56 - GreetingRecord:GreetingRecord() - HindiHello, Vikram, Namaste, Vikram!, 18-04-2025 - 22:34:52
18-04-2025 - 22:34:56 - HistoryHandler:handle - [{
  "language": "SpanishHello",
  "name": "Vikram",
  "greeting": "¡Hola! desde plugin, Vikram!",
  "timestamp": "18-04-2025 - 22:07:13"
}, {
  "language": "HindiHello",
  "name": "Vikram",
  "greeting": "Namaste, Vikram!",
  "timestamp": "18-04-2025 - 22:32:00"
}, {
  "language": "HindiHello",
  "name": "Vikram",
  "greeting": "Namaste, Vikram!",
  "timestamp": "18-04-2025 - 22:34:52"
}]
18-04-2025 - 22:34:56 - HistoryHandler:handle json values - [
{
  "language": "SpanishHello",
  "name": "Vikram",
  "greeting": "¡Hola! desde plugin, Vikram!",
  "timestamp": "18-04-2025 - 22:07:13"
},
{
  "language": "HindiHello",
  "name": "Vikram",
  "greeting": "Namaste, Vikram!",
  "timestamp": "18-04-2025 - 22:32:00"
},
{
  "language": "HindiHello",
  "name": "Vikram",
  "greeting": "Namaste, Vikram!",
  "timestamp": "18-04-2025 - 22:34:52"
}
]
