2025-04-18T18:22:27.161593400 - Hello, Vikram!
2025-04-18T18:22:27.185529300 - !Hola, Vikram!
2025-04-18T18:22:32.458036200 - Hello, Vikram!
2025-04-18T18:22:32.558409500 - !Hola, Vikram!
2025-04-18T18:22:39.655706100 - Hello, Vikram!
2025-04-18T18:22:39.753445 - !Hola, Vikram!
2025-04-18T18:22:57.370375800 - Hello, Vikram!
2025-04-18T18:22:57.466758500 - !Hola, Vikram!
2025-04-18T18:23:07.202509300 - Hello, Vikram!
2025-04-18T18:23:07.304237900 - !Hola, Vikram!
2025-04-18T18:23:25.482207500 - Hello, Vikram!
2025-04-18T18:23:25.666269200 - !Hola, Vikram!
2025-04-18T18:23:32.120923300 - Hello, Vikram!
2025-04-18T18:23:32.137878200 - !Hola, Vikram!
2025-04-18T18:24:31.479205400 - Hello, Vikram!
2025-04-18T18:24:31.492549100 - !Hola, Vikram!
2025-04-18T18:47:39.000065100 - !Hola desde plugin, Vikram!!
2025-04-18T18:54:27.891050200 - !Hola desde plugin, Vikram!!
2025-04-18T18:55:32.287278200 - !Hola desde plugin, Vikram!!
2025-04-18T18:56:11.034888700 - !Hola desde plugin, Vikram!!
2025-04-18T18:56:19.599465200 - !Hola desde plugin, Vikram!!
2025-04-18T19:08:24.255857400 - !Hola desde plugin, Vikram!!
2025-04-18T19:14:44.195721200 - Hello, Vikram!
2025-04-18T19:14:44.244590100 - !Hola desde plugin, Vikram!
2025-04-18T19:14:44.248579600 - Namaste, Vikram!
